2025-05-01 13:52:32,326 - INFO - Starting trading bot
2025-05-01 13:52:33,247 - INFO - Telegram message sent successfully to jose
2025-05-01 13:52:33,507 - INFO - Telegram message sent successfully to jose
2025-05-01 13:52:33,508 - INFO - Starting analysis job
2025-05-01 13:52:33,547 - INFO - Fetching 712 candles for 15min timeframe since 2025-04-24T03:52:33.000Z
2025-05-01 13:52:37,448 - INFO - Fetched 704 OHLCV records for 15min timeframe
2025-05-01 13:52:37,828 - INFO - Fetching 376 candles for 30min timeframe since 2025-04-23T17:52:37.000Z
2025-05-01 13:52:38,179 - INFO - Fetched 372 OHLCV records for 30min timeframe
2025-05-01 13:52:38,194 - INFO - Fetching 208 candles for 1h timeframe since 2025-04-22T21:52:38.000Z
2025-05-01 13:52:38,442 - INFO - Fetched 206 OHLCV records for 1h timeframe
2025-05-01 13:52:38,447 - INFO - Fetching 124 candles for 2h timeframe since 2025-04-21T05:52:38.000Z
2025-05-01 13:52:38,687 - INFO - Fetched 123 OHLCV records for 2h timeframe
2025-05-01 13:52:38,692 - INFO - Fetching 82 candles for 4h timeframe since 2025-04-17T21:52:38.000Z
2025-05-01 13:52:39,000 - INFO - Fetched 81 OHLCV records for 4h timeframe
2025-05-01 13:52:39,010 - INFO - Fetching 68 candles for 6h timeframe since 2025-04-14T13:52:39.000Z
2025-05-01 13:52:39,263 - INFO - Fetched 67 OHLCV records for 6h timeframe
2025-05-01 13:52:39,270 - INFO - Not enough data for 6h, trying higher timeframe 4h
2025-05-01 13:52:39,271 - INFO - Fetching 82 candles for 4h timeframe since 2025-04-17T21:52:39.000Z
2025-05-01 13:52:39,767 - INFO - Fetched 81 OHLCV records for 4h timeframe
2025-05-01 13:52:40,551 - WARNING - Still insufficient data for 6h after fallback
2025-05-01 13:52:40,552 - INFO - Fetching 54 candles for 12h timeframe since 2025-04-04T13:52:40.000Z
2025-05-01 13:52:40,995 - INFO - Fetched 53 OHLCV records for 12h timeframe
2025-05-01 13:52:40,999 - INFO - Not enough data for 12h, trying higher timeframe 6h
2025-05-01 13:52:41,000 - INFO - Fetching 68 candles for 6h timeframe since 2025-04-14T13:52:41.000Z
2025-05-01 13:52:41,301 - INFO - Fetched 67 OHLCV records for 6h timeframe
2025-05-01 13:52:41,306 - WARNING - Insufficient data for 12h timeframe (only 34 candles)
2025-05-01 13:52:41,306 - WARNING - Not enough data to calculate indicators
2025-05-01 13:52:41,307 - WARNING - Still insufficient data for 12h after fallback
2025-05-01 13:52:41,307 - INFO - Analysis job completed
2025-05-01 13:52:41,714 - INFO - Adding job tentatively -- it will be properly scheduled when the scheduler starts
2025-05-01 13:52:41,714 - INFO - Scheduler started - running every 5 minutes
2025-05-01 13:52:41,746 - INFO - Added job "job" to job store "default"
2025-05-01 13:52:41,746 - INFO - Scheduler started
2025-05-01 13:57:41,718 - INFO - Running job "job (trigger: interval[0:05:00], next run at: 2025-05-01 13:57:41 CEST)" (scheduled at 2025-05-01 13:57:41.713903+02:00)
2025-05-01 13:57:41,741 - INFO - Starting analysis job
2025-05-01 13:57:41,741 - INFO - Fetching 712 candles for 15min timeframe since 2025-04-24T03:57:41.000Z
2025-05-01 13:57:42,088 - INFO - Fetched 704 OHLCV records for 15min timeframe
2025-05-01 13:57:42,093 - INFO - Fetching 376 candles for 30min timeframe since 2025-04-23T17:57:42.000Z
2025-05-01 13:57:42,369 - INFO - Fetched 372 OHLCV records for 30min timeframe
2025-05-01 13:57:42,374 - INFO - Fetching 208 candles for 1h timeframe since 2025-04-22T21:57:42.000Z
2025-05-01 13:57:42,674 - INFO - Fetched 206 OHLCV records for 1h timeframe
2025-05-01 13:57:42,680 - INFO - Fetching 124 candles for 2h timeframe since 2025-04-21T05:57:42.000Z
2025-05-01 13:57:42,979 - INFO - Fetched 123 OHLCV records for 2h timeframe
2025-05-01 13:57:42,985 - INFO - Fetching 82 candles for 4h timeframe since 2025-04-17T21:57:42.000Z
2025-05-01 13:57:43,288 - INFO - Fetched 81 OHLCV records for 4h timeframe
2025-05-01 13:57:43,293 - INFO - Fetching 68 candles for 6h timeframe since 2025-04-14T13:57:43.000Z
2025-05-01 13:57:43,593 - INFO - Fetched 67 OHLCV records for 6h timeframe
2025-05-01 13:57:43,600 - INFO - Not enough data for 6h, trying higher timeframe 4h
2025-05-01 13:57:43,601 - INFO - Fetching 82 candles for 4h timeframe since 2025-04-17T21:57:43.000Z
2025-05-01 13:57:43,901 - INFO - Fetched 81 OHLCV records for 4h timeframe
2025-05-01 13:57:43,910 - WARNING - Still insufficient data for 6h after fallback
2025-05-01 13:57:43,911 - INFO - Fetching 54 candles for 12h timeframe since 2025-04-04T13:57:43.000Z
2025-05-01 13:57:44,213 - INFO - Fetched 53 OHLCV records for 12h timeframe
2025-05-01 13:57:44,218 - INFO - Not enough data for 12h, trying higher timeframe 6h
2025-05-01 13:57:44,219 - INFO - Fetching 68 candles for 6h timeframe since 2025-04-14T13:57:44.000Z
2025-05-01 13:57:44,516 - INFO - Fetched 67 OHLCV records for 6h timeframe
2025-05-01 13:57:44,520 - WARNING - Insufficient data for 12h timeframe (only 34 candles)
2025-05-01 13:57:44,520 - WARNING - Not enough data to calculate indicators
2025-05-01 13:57:44,521 - WARNING - Still insufficient data for 12h after fallback
2025-05-01 13:57:44,521 - INFO - Analysis job completed
2025-05-01 13:57:44,521 - INFO - Job "job (trigger: interval[0:05:00], next run at: 2025-05-01 14:02:41 CEST)" executed successfully
2025-05-01 14:02:41,755 - INFO - Running job "job (trigger: interval[0:05:00], next run at: 2025-05-01 14:07:41 CEST)" (scheduled at 2025-05-01 14:02:41.713903+02:00)
2025-05-01 14:02:41,817 - INFO - Starting analysis job
2025-05-01 14:02:41,818 - INFO - Fetching 712 candles for 15min timeframe since 2025-04-24T04:02:41.000Z
2025-05-01 14:02:42,166 - INFO - Fetched 704 OHLCV records for 15min timeframe
2025-05-01 14:02:42,171 - INFO - Fetching 376 candles for 30min timeframe since 2025-04-23T18:02:42.000Z
2025-05-01 14:02:42,564 - INFO - Fetched 372 OHLCV records for 30min timeframe
2025-05-01 14:02:42,570 - INFO - Fetching 208 candles for 1h timeframe since 2025-04-22T22:02:42.000Z
2025-05-01 14:02:42,822 - INFO - Fetched 206 OHLCV records for 1h timeframe
2025-05-01 14:02:42,828 - INFO - Fetching 124 candles for 2h timeframe since 2025-04-21T06:02:42.000Z
2025-05-01 14:02:43,163 - INFO - Fetched 123 OHLCV records for 2h timeframe
2025-05-01 14:02:43,168 - INFO - Fetching 82 candles for 4h timeframe since 2025-04-17T22:02:43.000Z
2025-05-01 14:02:43,470 - INFO - Fetched 82 OHLCV records for 4h timeframe
2025-05-01 14:02:43,475 - INFO - Fetching 68 candles for 6h timeframe since 2025-04-14T14:02:43.000Z
2025-05-01 14:02:43,778 - INFO - Fetched 68 OHLCV records for 6h timeframe
2025-05-01 14:02:43,783 - INFO - Not enough data for 6h, trying higher timeframe 4h
2025-05-01 14:02:43,784 - INFO - Fetching 82 candles for 4h timeframe since 2025-04-17T22:02:43.000Z
2025-05-01 14:02:44,032 - INFO - Fetched 82 OHLCV records for 4h timeframe
2025-05-01 14:02:44,040 - WARNING - Still insufficient data for 6h after fallback
2025-05-01 14:02:44,040 - INFO - Fetching 54 candles for 12h timeframe since 2025-04-04T14:02:44.000Z
2025-05-01 14:02:44,346 - INFO - Fetched 54 OHLCV records for 12h timeframe
2025-05-01 14:02:44,351 - INFO - Not enough data for 12h, trying higher timeframe 6h
2025-05-01 14:02:44,351 - INFO - Fetching 68 candles for 6h timeframe since 2025-04-14T14:02:44.000Z
2025-05-01 14:02:44,599 - INFO - Fetched 68 OHLCV records for 6h timeframe
2025-05-01 14:02:44,603 - WARNING - Insufficient data for 12h timeframe (only 35 candles)
2025-05-01 14:02:44,603 - WARNING - Not enough data to calculate indicators
2025-05-01 14:02:44,603 - WARNING - Still insufficient data for 12h after fallback
2025-05-01 14:02:44,603 - INFO - Analysis job completed
2025-05-01 14:02:44,604 - INFO - Job "job (trigger: interval[0:05:00], next run at: 2025-05-01 14:07:41 CEST)" executed successfully
2025-05-01 14:07:41,717 - INFO - Running job "job (trigger: interval[0:05:00], next run at: 2025-05-01 14:12:41 CEST)" (scheduled at 2025-05-01 14:07:41.713903+02:00)
2025-05-01 14:07:41,737 - INFO - Starting analysis job
2025-05-01 14:07:41,737 - INFO - Fetching 712 candles for 15min timeframe since 2025-04-24T04:07:41.000Z
2025-05-01 14:07:42,094 - INFO - Fetched 704 OHLCV records for 15min timeframe
2025-05-01 14:07:42,099 - INFO - Fetching 376 candles for 30min timeframe since 2025-04-23T18:07:42.000Z
2025-05-01 14:07:42,349 - INFO - Fetched 372 OHLCV records for 30min timeframe
2025-05-01 14:07:42,355 - INFO - Fetching 208 candles for 1h timeframe since 2025-04-22T22:07:42.000Z
2025-05-01 14:07:42,702 - INFO - Fetched 206 OHLCV records for 1h timeframe
2025-05-01 14:07:42,709 - INFO - Fetching 124 candles for 2h timeframe since 2025-04-21T06:07:42.000Z
2025-05-01 14:07:43,009 - INFO - Fetched 123 OHLCV records for 2h timeframe
2025-05-01 14:07:43,014 - INFO - Fetching 82 candles for 4h timeframe since 2025-04-17T22:07:43.000Z
2025-05-01 14:07:43,313 - INFO - Fetched 82 OHLCV records for 4h timeframe
2025-05-01 14:07:43,318 - INFO - Fetching 68 candles for 6h timeframe since 2025-04-14T14:07:43.000Z
2025-05-01 14:07:43,621 - INFO - Fetched 68 OHLCV records for 6h timeframe
2025-05-01 14:07:43,627 - INFO - Not enough data for 6h, trying higher timeframe 4h
2025-05-01 14:07:43,627 - INFO - Fetching 82 candles for 4h timeframe since 2025-04-17T22:07:43.000Z
2025-05-01 14:07:43,866 - INFO - Fetched 82 OHLCV records for 4h timeframe
2025-05-01 14:07:43,874 - WARNING - Still insufficient data for 6h after fallback
2025-05-01 14:07:43,874 - INFO - Fetching 54 candles for 12h timeframe since 2025-04-04T14:07:43.000Z
2025-05-01 14:07:44,110 - INFO - Fetched 54 OHLCV records for 12h timeframe
2025-05-01 14:07:44,116 - INFO - Not enough data for 12h, trying higher timeframe 6h
2025-05-01 14:07:44,116 - INFO - Fetching 68 candles for 6h timeframe since 2025-04-14T14:07:44.000Z
2025-05-01 14:07:44,542 - INFO - Fetched 68 OHLCV records for 6h timeframe
2025-05-01 14:07:44,546 - WARNING - Insufficient data for 12h timeframe (only 35 candles)
2025-05-01 14:07:44,546 - WARNING - Not enough data to calculate indicators
2025-05-01 14:07:44,546 - WARNING - Still insufficient data for 12h after fallback
2025-05-01 14:07:44,547 - INFO - Analysis job completed
2025-05-01 14:07:44,547 - INFO - Job "job (trigger: interval[0:05:00], next run at: 2025-05-01 14:12:41 CEST)" executed successfully
2025-05-01 14:12:41,716 - INFO - Running job "job (trigger: interval[0:05:00], next run at: 2025-05-01 14:17:41 CEST)" (scheduled at 2025-05-01 14:12:41.713903+02:00)
2025-05-01 14:12:41,716 - INFO - Starting analysis job
2025-05-01 14:12:41,716 - INFO - Fetching 712 candles for 15min timeframe since 2025-04-24T04:12:41.000Z
2025-05-01 14:12:42,242 - INFO - Fetched 704 OHLCV records for 15min timeframe
2025-05-01 14:12:42,248 - INFO - Fetching 376 candles for 30min timeframe since 2025-04-23T18:12:42.000Z
2025-05-01 14:12:42,509 - INFO - Fetched 372 OHLCV records for 30min timeframe
2025-05-01 14:12:42,514 - INFO - Fetching 208 candles for 1h timeframe since 2025-04-22T22:12:42.000Z
2025-05-01 14:12:42,849 - INFO - Fetched 206 OHLCV records for 1h timeframe
2025-05-01 14:12:42,855 - INFO - Fetching 124 candles for 2h timeframe since 2025-04-21T06:12:42.000Z
2025-05-01 14:12:43,155 - INFO - Fetched 123 OHLCV records for 2h timeframe
2025-05-01 14:12:43,160 - INFO - Fetching 82 candles for 4h timeframe since 2025-04-17T22:12:43.000Z
2025-05-01 14:12:43,461 - INFO - Fetched 82 OHLCV records for 4h timeframe
2025-05-01 14:12:43,466 - INFO - Fetching 68 candles for 6h timeframe since 2025-04-14T14:12:43.000Z
2025-05-01 14:12:43,768 - INFO - Fetched 68 OHLCV records for 6h timeframe
2025-05-01 14:12:43,774 - INFO - Not enough data for 6h, trying higher timeframe 4h
2025-05-01 14:12:43,774 - INFO - Fetching 82 candles for 4h timeframe since 2025-04-17T22:12:43.000Z
2025-05-01 14:12:44,018 - INFO - Fetched 82 OHLCV records for 4h timeframe
2025-05-01 14:12:44,027 - WARNING - Still insufficient data for 6h after fallback
2025-05-01 14:12:44,028 - INFO - Fetching 54 candles for 12h timeframe since 2025-04-04T14:12:44.000Z
2025-05-01 14:12:44,382 - INFO - Fetched 54 OHLCV records for 12h timeframe
2025-05-01 14:12:44,388 - INFO - Not enough data for 12h, trying higher timeframe 6h
2025-05-01 14:12:44,388 - INFO - Fetching 68 candles for 6h timeframe since 2025-04-14T14:12:44.000Z
2025-05-01 14:12:44,629 - INFO - Fetched 68 OHLCV records for 6h timeframe
2025-05-01 14:12:44,633 - WARNING - Insufficient data for 12h timeframe (only 35 candles)
2025-05-01 14:12:44,633 - WARNING - Not enough data to calculate indicators
2025-05-01 14:12:44,633 - WARNING - Still insufficient data for 12h after fallback
2025-05-01 14:12:44,633 - INFO - Analysis job completed
2025-05-01 14:12:44,633 - INFO - Job "job (trigger: interval[0:05:00], next run at: 2025-05-01 14:17:41 CEST)" executed successfully
2025-05-01 14:17:41,715 - INFO - Running job "job (trigger: interval[0:05:00], next run at: 2025-05-01 14:22:41 CEST)" (scheduled at 2025-05-01 14:17:41.713903+02:00)
2025-05-01 14:17:41,758 - INFO - Starting analysis job
2025-05-01 14:17:41,759 - INFO - Fetching 712 candles for 15min timeframe since 2025-04-24T04:17:41.000Z
2025-05-01 14:17:42,119 - INFO - Fetched 704 OHLCV records for 15min timeframe
2025-05-01 14:17:42,125 - INFO - Fetching 376 candles for 30min timeframe since 2025-04-23T18:17:42.000Z
2025-05-01 14:17:42,383 - INFO - Fetched 372 OHLCV records for 30min timeframe
2025-05-01 14:17:42,389 - INFO - Fetching 208 candles for 1h timeframe since 2025-04-22T22:17:42.000Z
2025-05-01 14:17:42,930 - INFO - Fetched 206 OHLCV records for 1h timeframe
2025-05-01 14:17:42,936 - INFO - Fetching 124 candles for 2h timeframe since 2025-04-21T06:17:42.000Z
2025-05-01 14:17:43,237 - INFO - Fetched 123 OHLCV records for 2h timeframe
2025-05-01 14:17:43,242 - INFO - Fetching 82 candles for 4h timeframe since 2025-04-17T22:17:43.000Z
2025-05-01 14:17:43,544 - INFO - Fetched 82 OHLCV records for 4h timeframe
2025-05-01 14:17:43,549 - INFO - Fetching 68 candles for 6h timeframe since 2025-04-14T14:17:43.000Z
2025-05-01 14:17:43,850 - INFO - Fetched 68 OHLCV records for 6h timeframe
2025-05-01 14:17:43,854 - INFO - Not enough data for 6h, trying higher timeframe 4h
2025-05-01 14:17:43,855 - INFO - Fetching 82 candles for 4h timeframe since 2025-04-17T22:17:43.000Z
2025-05-01 14:17:44,159 - INFO - Fetched 82 OHLCV records for 4h timeframe
2025-05-01 14:17:44,168 - WARNING - Still insufficient data for 6h after fallback
2025-05-01 14:17:44,168 - INFO - Fetching 54 candles for 12h timeframe since 2025-04-04T14:17:44.000Z
2025-05-01 14:17:44,771 - INFO - Fetched 54 OHLCV records for 12h timeframe
2025-05-01 14:17:44,776 - INFO - Not enough data for 12h, trying higher timeframe 6h
2025-05-01 14:17:44,776 - INFO - Fetching 68 candles for 6h timeframe since 2025-04-14T14:17:44.000Z
2025-05-01 14:17:45,693 - INFO - Fetched 68 OHLCV records for 6h timeframe
2025-05-01 14:17:45,697 - WARNING - Insufficient data for 12h timeframe (only 35 candles)
2025-05-01 14:17:45,698 - WARNING - Not enough data to calculate indicators
2025-05-01 14:17:45,698 - WARNING - Still insufficient data for 12h after fallback
2025-05-01 14:17:45,698 - INFO - Analysis job completed
2025-05-01 14:17:45,698 - INFO - Job "job (trigger: interval[0:05:00], next run at: 2025-05-01 14:22:41 CEST)" executed successfully
2025-05-01 14:22:41,719 - INFO - Running job "job (trigger: interval[0:05:00], next run at: 2025-05-01 14:27:41 CEST)" (scheduled at 2025-05-01 14:22:41.713903+02:00)
2025-05-01 14:22:41,757 - INFO - Starting analysis job
2025-05-01 14:22:41,757 - INFO - Fetching 712 candles for 15min timeframe since 2025-04-24T04:22:41.000Z
2025-05-01 14:22:42,158 - INFO - Fetched 704 OHLCV records for 15min timeframe
2025-05-01 14:22:42,170 - INFO - Fetching 376 candles for 30min timeframe since 2025-04-23T18:22:42.000Z
2025-05-01 14:22:42,429 - INFO - Fetched 372 OHLCV records for 30min timeframe
2025-05-01 14:22:42,435 - INFO - Fetching 208 candles for 1h timeframe since 2025-04-22T22:22:42.000Z
2025-05-01 14:22:42,684 - INFO - Fetched 206 OHLCV records for 1h timeframe
2025-05-01 14:22:42,690 - INFO - Fetching 124 candles for 2h timeframe since 2025-04-21T06:22:42.000Z
2025-05-01 14:22:42,939 - INFO - Fetched 123 OHLCV records for 2h timeframe
2025-05-01 14:22:42,945 - INFO - Fetching 82 candles for 4h timeframe since 2025-04-17T22:22:42.000Z
2025-05-01 14:22:43,377 - INFO - Fetched 82 OHLCV records for 4h timeframe
2025-05-01 14:22:43,384 - INFO - Fetching 68 candles for 6h timeframe since 2025-04-14T14:22:43.000Z
2025-05-01 14:22:43,683 - INFO - Fetched 68 OHLCV records for 6h timeframe
2025-05-01 14:22:43,689 - INFO - Not enough data for 6h, trying higher timeframe 4h
2025-05-01 14:22:43,689 - INFO - Fetching 82 candles for 4h timeframe since 2025-04-17T22:22:43.000Z
2025-05-01 14:22:43,933 - INFO - Fetched 82 OHLCV records for 4h timeframe
2025-05-01 14:22:43,942 - WARNING - Still insufficient data for 6h after fallback
2025-05-01 14:22:43,942 - INFO - Fetching 54 candles for 12h timeframe since 2025-04-04T14:22:43.000Z
2025-05-01 14:22:44,297 - INFO - Fetched 54 OHLCV records for 12h timeframe
2025-05-01 14:22:44,302 - INFO - Not enough data for 12h, trying higher timeframe 6h
2025-05-01 14:22:44,302 - INFO - Fetching 68 candles for 6h timeframe since 2025-04-14T14:22:44.000Z
2025-05-01 14:22:44,548 - INFO - Fetched 68 OHLCV records for 6h timeframe
2025-05-01 14:22:44,553 - WARNING - Insufficient data for 12h timeframe (only 35 candles)
2025-05-01 14:22:44,553 - WARNING - Not enough data to calculate indicators
2025-05-01 14:22:44,553 - WARNING - Still insufficient data for 12h after fallback
2025-05-01 14:22:44,554 - INFO - Analysis job completed
2025-05-01 14:22:44,554 - INFO - Job "job (trigger: interval[0:05:00], next run at: 2025-05-01 14:27:41 CEST)" executed successfully
2025-05-01 14:27:41,715 - INFO - Running job "job (trigger: interval[0:05:00], next run at: 2025-05-01 14:32:41 CEST)" (scheduled at 2025-05-01 14:27:41.713903+02:00)
2025-05-01 14:27:41,742 - INFO - Starting analysis job
2025-05-01 14:27:41,742 - INFO - Fetching 712 candles for 15min timeframe since 2025-04-24T04:27:41.000Z
2025-05-01 14:27:42,299 - INFO - Fetched 704 OHLCV records for 15min timeframe
2025-05-01 14:27:42,304 - INFO - Fetching 376 candles for 30min timeframe since 2025-04-23T18:27:42.000Z
2025-05-01 14:27:42,560 - INFO - Fetched 372 OHLCV records for 30min timeframe
2025-05-01 14:27:42,565 - INFO - Fetching 208 candles for 1h timeframe since 2025-04-22T22:27:42.000Z
2025-05-01 14:27:42,820 - INFO - Fetched 206 OHLCV records for 1h timeframe
2025-05-01 14:27:42,827 - INFO - Fetching 124 candles for 2h timeframe since 2025-04-21T06:27:42.000Z
2025-05-01 14:27:43,070 - INFO - Fetched 123 OHLCV records for 2h timeframe
2025-05-01 14:27:43,076 - INFO - Fetching 82 candles for 4h timeframe since 2025-04-17T22:27:43.000Z
2025-05-01 14:27:43,516 - INFO - Fetched 82 OHLCV records for 4h timeframe
2025-05-01 14:27:43,521 - INFO - Fetching 68 candles for 6h timeframe since 2025-04-14T14:27:43.000Z
2025-05-01 14:27:43,824 - INFO - Fetched 68 OHLCV records for 6h timeframe
2025-05-01 14:27:43,829 - INFO - Not enough data for 6h, trying higher timeframe 4h
2025-05-01 14:27:43,829 - INFO - Fetching 82 candles for 4h timeframe since 2025-04-17T22:27:43.000Z
2025-05-01 14:27:44,076 - INFO - Fetched 82 OHLCV records for 4h timeframe
2025-05-01 14:27:44,084 - WARNING - Still insufficient data for 6h after fallback
2025-05-01 14:27:44,085 - INFO - Fetching 54 candles for 12h timeframe since 2025-04-04T14:27:44.000Z
2025-05-01 14:27:44,437 - INFO - Fetched 54 OHLCV records for 12h timeframe
2025-05-01 14:27:44,442 - INFO - Not enough data for 12h, trying higher timeframe 6h
2025-05-01 14:27:44,443 - INFO - Fetching 68 candles for 6h timeframe since 2025-04-14T14:27:44.000Z
2025-05-01 14:27:44,683 - INFO - Fetched 68 OHLCV records for 6h timeframe
2025-05-01 14:27:44,687 - WARNING - Insufficient data for 12h timeframe (only 35 candles)
2025-05-01 14:27:44,687 - WARNING - Not enough data to calculate indicators
2025-05-01 14:27:44,687 - WARNING - Still insufficient data for 12h after fallback
2025-05-01 14:27:44,687 - INFO - Analysis job completed
2025-05-01 14:27:44,688 - INFO - Job "job (trigger: interval[0:05:00], next run at: 2025-05-01 14:32:41 CEST)" executed successfully
2025-05-01 14:32:41,715 - INFO - Running job "job (trigger: interval[0:05:00], next run at: 2025-05-01 14:37:41 CEST)" (scheduled at 2025-05-01 14:32:41.713903+02:00)
2025-05-01 14:32:41,740 - INFO - Starting analysis job
2025-05-01 14:32:41,741 - INFO - Fetching 712 candles for 15min timeframe since 2025-04-24T04:32:41.000Z
2025-05-01 14:32:42,131 - INFO - Fetched 704 OHLCV records for 15min timeframe
2025-05-01 14:32:42,137 - INFO - Fetching 376 candles for 30min timeframe since 2025-04-23T18:32:42.000Z
2025-05-01 14:32:42,389 - INFO - Fetched 372 OHLCV records for 30min timeframe
2025-05-01 14:32:42,394 - INFO - Fetching 208 candles for 1h timeframe since 2025-04-22T22:32:42.000Z
2025-05-01 14:32:42,728 - INFO - Fetched 206 OHLCV records for 1h timeframe
2025-05-01 14:32:42,735 - INFO - Fetching 124 candles for 2h timeframe since 2025-04-21T06:32:42.000Z
2025-05-01 14:32:42,979 - INFO - Fetched 123 OHLCV records for 2h timeframe
2025-05-01 14:32:42,984 - INFO - Fetching 82 candles for 4h timeframe since 2025-04-17T22:32:42.000Z
2025-05-01 14:32:43,228 - INFO - Fetched 82 OHLCV records for 4h timeframe
2025-05-01 14:32:43,235 - INFO - Fetching 68 candles for 6h timeframe since 2025-04-14T14:32:43.000Z
2025-05-01 14:32:43,475 - INFO - Fetched 68 OHLCV records for 6h timeframe
2025-05-01 14:32:43,481 - INFO - Not enough data for 6h, trying higher timeframe 4h
2025-05-01 14:32:43,481 - INFO - Fetching 82 candles for 4h timeframe since 2025-04-17T22:32:43.000Z
2025-05-01 14:32:43,724 - INFO - Fetched 82 OHLCV records for 4h timeframe
2025-05-01 14:32:43,735 - WARNING - Still insufficient data for 6h after fallback
2025-05-01 14:32:43,735 - INFO - Fetching 54 candles for 12h timeframe since 2025-04-04T14:32:43.000Z
2025-05-01 14:32:44,271 - INFO - Fetched 54 OHLCV records for 12h timeframe
2025-05-01 14:32:44,276 - INFO - Not enough data for 12h, trying higher timeframe 6h
2025-05-01 14:32:44,276 - INFO - Fetching 68 candles for 6h timeframe since 2025-04-14T14:32:44.000Z
2025-05-01 14:32:44,579 - INFO - Fetched 68 OHLCV records for 6h timeframe
2025-05-01 14:32:44,584 - WARNING - Insufficient data for 12h timeframe (only 35 candles)
2025-05-01 14:32:44,584 - WARNING - Not enough data to calculate indicators
2025-05-01 14:32:44,584 - WARNING - Still insufficient data for 12h after fallback
2025-05-01 14:32:44,584 - INFO - Analysis job completed
2025-05-01 14:32:44,584 - INFO - Job "job (trigger: interval[0:05:00], next run at: 2025-05-01 14:37:41 CEST)" executed successfully
2025-05-01 14:37:41,717 - INFO - Running job "job (trigger: interval[0:05:00], next run at: 2025-05-01 14:42:41 CEST)" (scheduled at 2025-05-01 14:37:41.713903+02:00)
2025-05-01 14:37:41,732 - INFO - Starting analysis job
2025-05-01 14:37:41,732 - INFO - Fetching 712 candles for 15min timeframe since 2025-04-24T04:37:41.000Z
2025-05-01 14:37:42,064 - INFO - Fetched 704 OHLCV records for 15min timeframe
2025-05-01 14:37:42,070 - INFO - Fetching 376 candles for 30min timeframe since 2025-04-23T18:37:42.000Z
2025-05-01 14:37:42,322 - INFO - Fetched 372 OHLCV records for 30min timeframe
2025-05-01 14:37:42,328 - INFO - Fetching 208 candles for 1h timeframe since 2025-04-22T22:37:42.000Z
2025-05-01 14:37:42,875 - INFO - Fetched 206 OHLCV records for 1h timeframe
2025-05-01 14:37:42,880 - INFO - Fetching 124 candles for 2h timeframe since 2025-04-21T06:37:42.000Z
2025-05-01 14:37:43,175 - INFO - Fetched 123 OHLCV records for 2h timeframe
2025-05-01 14:37:43,181 - INFO - Fetching 82 candles for 4h timeframe since 2025-04-17T22:37:43.000Z
2025-05-01 14:37:43,481 - INFO - Fetched 82 OHLCV records for 4h timeframe
2025-05-01 14:37:43,486 - INFO - Fetching 68 candles for 6h timeframe since 2025-04-14T14:37:43.000Z
2025-05-01 14:37:43,789 - INFO - Fetched 68 OHLCV records for 6h timeframe
2025-05-01 14:37:43,794 - INFO - Not enough data for 6h, trying higher timeframe 4h
2025-05-01 14:37:43,795 - INFO - Fetching 82 candles for 4h timeframe since 2025-04-17T22:37:43.000Z
2025-05-01 14:37:44,215 - INFO - Fetched 82 OHLCV records for 4h timeframe
2025-05-01 14:37:44,223 - WARNING - Still insufficient data for 6h after fallback
2025-05-01 14:37:44,223 - INFO - Fetching 54 candles for 12h timeframe since 2025-04-04T14:37:44.000Z
2025-05-01 14:37:44,465 - INFO - Fetched 54 OHLCV records for 12h timeframe
2025-05-01 14:37:44,470 - INFO - Not enough data for 12h, trying higher timeframe 6h
2025-05-01 14:37:44,470 - INFO - Fetching 68 candles for 6h timeframe since 2025-04-14T14:37:44.000Z
2025-05-01 14:37:45,018 - INFO - Fetched 68 OHLCV records for 6h timeframe
2025-05-01 14:37:45,022 - WARNING - Insufficient data for 12h timeframe (only 35 candles)
2025-05-01 14:37:45,022 - WARNING - Not enough data to calculate indicators
2025-05-01 14:37:45,022 - WARNING - Still insufficient data for 12h after fallback
2025-05-01 14:37:45,022 - INFO - Analysis job completed
2025-05-01 14:37:45,023 - INFO - Job "job (trigger: interval[0:05:00], next run at: 2025-05-01 14:42:41 CEST)" executed successfully
2025-05-01 14:42:41,715 - INFO - Running job "job (trigger: interval[0:05:00], next run at: 2025-05-01 14:47:41 CEST)" (scheduled at 2025-05-01 14:42:41.713903+02:00)
2025-05-01 14:42:41,729 - INFO - Starting analysis job
2025-05-01 14:42:41,730 - INFO - Fetching 712 candles for 15min timeframe since 2025-04-24T04:42:41.000Z
2025-05-01 14:42:42,094 - INFO - Fetched 704 OHLCV records for 15min timeframe
2025-05-01 14:42:42,100 - INFO - Fetching 376 candles for 30min timeframe since 2025-04-23T18:42:42.000Z
2025-05-01 14:42:42,357 - INFO - Fetched 372 OHLCV records for 30min timeframe
2025-05-01 14:42:42,362 - INFO - Fetching 208 candles for 1h timeframe since 2025-04-22T22:42:42.000Z
2025-05-01 14:42:42,615 - INFO - Fetched 206 OHLCV records for 1h timeframe
2025-05-01 14:42:42,620 - INFO - Fetching 124 candles for 2h timeframe since 2025-04-21T06:42:42.000Z
2025-05-01 14:42:42,870 - INFO - Fetched 123 OHLCV records for 2h timeframe
2025-05-01 14:42:42,875 - INFO - Fetching 82 candles for 4h timeframe since 2025-04-17T22:42:42.000Z
2025-05-01 14:42:43,314 - INFO - Fetched 82 OHLCV records for 4h timeframe
2025-05-01 14:42:43,320 - INFO - Fetching 68 candles for 6h timeframe since 2025-04-14T14:42:43.000Z
2025-05-01 14:42:43,626 - INFO - Fetched 68 OHLCV records for 6h timeframe
2025-05-01 14:42:43,632 - INFO - Not enough data for 6h, trying higher timeframe 4h
2025-05-01 14:42:43,632 - INFO - Fetching 82 candles for 4h timeframe since 2025-04-17T22:42:43.000Z
2025-05-01 14:42:43,881 - INFO - Fetched 82 OHLCV records for 4h timeframe
2025-05-01 14:42:43,890 - WARNING - Still insufficient data for 6h after fallback
2025-05-01 14:42:43,890 - INFO - Fetching 54 candles for 12h timeframe since 2025-04-04T14:42:43.000Z
2025-05-01 14:42:44,236 - INFO - Fetched 54 OHLCV records for 12h timeframe
2025-05-01 14:42:44,240 - INFO - Not enough data for 12h, trying higher timeframe 6h
2025-05-01 14:42:44,241 - INFO - Fetching 68 candles for 6h timeframe since 2025-04-14T14:42:44.000Z
2025-05-01 14:42:44,548 - INFO - Fetched 68 OHLCV records for 6h timeframe
2025-05-01 14:42:44,553 - WARNING - Insufficient data for 12h timeframe (only 35 candles)
2025-05-01 14:42:44,553 - WARNING - Not enough data to calculate indicators
2025-05-01 14:42:44,553 - WARNING - Still insufficient data for 12h after fallback
2025-05-01 14:42:44,553 - INFO - Analysis job completed
2025-05-01 14:42:44,553 - INFO - Job "job (trigger: interval[0:05:00], next run at: 2025-05-01 14:47:41 CEST)" executed successfully
2025-05-01 14:47:41,715 - INFO - Running job "job (trigger: interval[0:05:00], next run at: 2025-05-01 14:52:41 CEST)" (scheduled at 2025-05-01 14:47:41.713903+02:00)
2025-05-01 14:47:41,715 - INFO - Starting analysis job
2025-05-01 14:47:41,716 - INFO - Fetching 712 candles for 15min timeframe since 2025-04-24T04:47:41.000Z
2025-05-01 14:47:42,042 - INFO - Fetched 704 OHLCV records for 15min timeframe
2025-05-01 14:47:42,048 - INFO - Fetching 376 candles for 30min timeframe since 2025-04-23T18:47:42.000Z
2025-05-01 14:47:42,298 - INFO - Fetched 372 OHLCV records for 30min timeframe
2025-05-01 14:47:42,303 - INFO - Fetching 208 candles for 1h timeframe since 2025-04-22T22:47:42.000Z
2025-05-01 14:47:42,549 - INFO - Fetched 206 OHLCV records for 1h timeframe
2025-05-01 14:47:42,555 - INFO - Fetching 124 candles for 2h timeframe since 2025-04-21T06:47:42.000Z
2025-05-01 14:47:42,840 - INFO - Fetched 123 OHLCV records for 2h timeframe
2025-05-01 14:47:42,845 - INFO - Fetching 82 candles for 4h timeframe since 2025-04-17T22:47:42.000Z
2025-05-01 14:47:43,147 - INFO - Fetched 82 OHLCV records for 4h timeframe
2025-05-01 14:47:43,152 - INFO - Fetching 68 candles for 6h timeframe since 2025-04-14T14:47:43.000Z
2025-05-01 14:47:43,456 - INFO - Fetched 68 OHLCV records for 6h timeframe
2025-05-01 14:47:43,461 - INFO - Not enough data for 6h, trying higher timeframe 4h
2025-05-01 14:47:43,461 - INFO - Fetching 82 candles for 4h timeframe since 2025-04-17T22:47:43.000Z
2025-05-01 14:47:43,761 - INFO - Fetched 82 OHLCV records for 4h timeframe
2025-05-01 14:47:43,770 - WARNING - Still insufficient data for 6h after fallback
2025-05-01 14:47:43,770 - INFO - Fetching 54 candles for 12h timeframe since 2025-04-04T14:47:43.000Z
2025-05-01 14:47:44,068 - INFO - Fetched 54 OHLCV records for 12h timeframe
2025-05-01 14:47:44,074 - INFO - Not enough data for 12h, trying higher timeframe 6h
2025-05-01 14:47:44,074 - INFO - Fetching 68 candles for 6h timeframe since 2025-04-14T14:47:44.000Z
2025-05-01 14:47:44,375 - INFO - Fetched 68 OHLCV records for 6h timeframe
2025-05-01 14:47:44,380 - WARNING - Insufficient data for 12h timeframe (only 35 candles)
2025-05-01 14:47:44,380 - WARNING - Not enough data to calculate indicators
2025-05-01 14:47:44,380 - WARNING - Still insufficient data for 12h after fallback
2025-05-01 14:47:44,380 - INFO - Analysis job completed
2025-05-01 14:47:44,380 - INFO - Job "job (trigger: interval[0:05:00], next run at: 2025-05-01 14:52:41 CEST)" executed successfully
2025-05-01 14:52:41,716 - INFO - Running job "job (trigger: interval[0:05:00], next run at: 2025-05-01 14:57:41 CEST)" (scheduled at 2025-05-01 14:52:41.713903+02:00)
2025-05-01 14:52:41,725 - INFO - Starting analysis job
2025-05-01 14:52:41,725 - INFO - Fetching 712 candles for 15min timeframe since 2025-04-24T04:52:41.000Z
2025-05-01 14:52:42,089 - INFO - Fetched 704 OHLCV records for 15min timeframe
2025-05-01 14:52:42,094 - INFO - Fetching 376 candles for 30min timeframe since 2025-04-23T18:52:42.000Z
2025-05-01 14:52:42,363 - INFO - Fetched 372 OHLCV records for 30min timeframe
2025-05-01 14:52:42,369 - INFO - Fetching 208 candles for 1h timeframe since 2025-04-22T22:52:42.000Z
2025-05-01 14:52:42,668 - INFO - Fetched 206 OHLCV records for 1h timeframe
2025-05-01 14:52:42,673 - INFO - Fetching 124 candles for 2h timeframe since 2025-04-21T06:52:42.000Z
2025-05-01 14:52:42,917 - INFO - Fetched 123 OHLCV records for 2h timeframe
2025-05-01 14:52:42,922 - INFO - Fetching 82 candles for 4h timeframe since 2025-04-17T22:52:42.000Z
2025-05-01 14:52:43,280 - INFO - Fetched 82 OHLCV records for 4h timeframe
2025-05-01 14:52:43,286 - INFO - Fetching 68 candles for 6h timeframe since 2025-04-14T14:52:43.000Z
2025-05-01 14:52:43,587 - INFO - Fetched 68 OHLCV records for 6h timeframe
2025-05-01 14:52:43,591 - INFO - Not enough data for 6h, trying higher timeframe 4h
2025-05-01 14:52:43,592 - INFO - Fetching 82 candles for 4h timeframe since 2025-04-17T22:52:43.000Z
2025-05-01 14:52:43,895 - INFO - Fetched 82 OHLCV records for 4h timeframe
2025-05-01 14:52:43,903 - WARNING - Still insufficient data for 6h after fallback
2025-05-01 14:52:43,904 - INFO - Fetching 54 candles for 12h timeframe since 2025-04-04T14:52:43.000Z
2025-05-01 14:52:44,205 - INFO - Fetched 54 OHLCV records for 12h timeframe
2025-05-01 14:52:44,210 - INFO - Not enough data for 12h, trying higher timeframe 6h
2025-05-01 14:52:44,210 - INFO - Fetching 68 candles for 6h timeframe since 2025-04-14T14:52:44.000Z
2025-05-01 14:52:44,508 - INFO - Fetched 68 OHLCV records for 6h timeframe
2025-05-01 14:52:44,513 - WARNING - Insufficient data for 12h timeframe (only 35 candles)
2025-05-01 14:52:44,513 - WARNING - Not enough data to calculate indicators
2025-05-01 14:52:44,513 - WARNING - Still insufficient data for 12h after fallback
2025-05-01 14:52:44,513 - INFO - Analysis job completed
2025-05-01 14:52:44,513 - INFO - Job "job (trigger: interval[0:05:00], next run at: 2025-05-01 14:57:41 CEST)" executed successfully
2025-05-01 14:57:41,720 - INFO - Running job "job (trigger: interval[0:05:00], next run at: 2025-05-01 15:02:41 CEST)" (scheduled at 2025-05-01 14:57:41.713903+02:00)
2025-05-01 14:57:41,738 - INFO - Starting analysis job
2025-05-01 14:57:41,738 - INFO - Fetching 712 candles for 15min timeframe since 2025-04-24T04:57:41.000Z
2025-05-01 14:57:42,074 - INFO - Fetched 704 OHLCV records for 15min timeframe
2025-05-01 14:57:42,079 - INFO - Fetching 376 candles for 30min timeframe since 2025-04-23T18:57:42.000Z
2025-05-01 14:57:42,505 - INFO - Fetched 372 OHLCV records for 30min timeframe
2025-05-01 14:57:42,510 - INFO - Fetching 208 candles for 1h timeframe since 2025-04-22T22:57:42.000Z
2025-05-01 14:57:42,807 - INFO - Fetched 206 OHLCV records for 1h timeframe
2025-05-01 14:57:42,812 - INFO - Fetching 124 candles for 2h timeframe since 2025-04-21T06:57:42.000Z
2025-05-01 14:57:43,113 - INFO - Fetched 123 OHLCV records for 2h timeframe
2025-05-01 14:57:43,118 - INFO - Fetching 82 candles for 4h timeframe since 2025-04-17T22:57:43.000Z
2025-05-01 14:57:43,420 - INFO - Fetched 82 OHLCV records for 4h timeframe
2025-05-01 14:57:43,425 - INFO - Fetching 68 candles for 6h timeframe since 2025-04-14T14:57:43.000Z
2025-05-01 14:57:43,669 - INFO - Fetched 68 OHLCV records for 6h timeframe
2025-05-01 14:57:43,674 - INFO - Not enough data for 6h, trying higher timeframe 4h
2025-05-01 14:57:43,674 - INFO - Fetching 82 candles for 4h timeframe since 2025-04-17T22:57:43.000Z
2025-05-01 14:57:44,036 - INFO - Fetched 82 OHLCV records for 4h timeframe
2025-05-01 14:57:44,044 - WARNING - Still insufficient data for 6h after fallback
2025-05-01 14:57:44,045 - INFO - Fetching 54 candles for 12h timeframe since 2025-04-04T14:57:44.000Z
2025-05-01 14:57:44,340 - INFO - Fetched 54 OHLCV records for 12h timeframe
2025-05-01 14:57:44,345 - INFO - Not enough data for 12h, trying higher timeframe 6h
2025-05-01 14:57:44,345 - INFO - Fetching 68 candles for 6h timeframe since 2025-04-14T14:57:44.000Z
2025-05-01 14:57:44,648 - INFO - Fetched 68 OHLCV records for 6h timeframe
2025-05-01 14:57:44,652 - WARNING - Insufficient data for 12h timeframe (only 35 candles)
2025-05-01 14:57:44,653 - WARNING - Not enough data to calculate indicators
2025-05-01 14:57:44,653 - WARNING - Still insufficient data for 12h after fallback
2025-05-01 14:57:44,653 - INFO - Analysis job completed
2025-05-01 14:57:44,653 - INFO - Job "job (trigger: interval[0:05:00], next run at: 2025-05-01 15:02:41 CEST)" executed successfully
2025-05-01 15:02:41,717 - INFO - Running job "job (trigger: interval[0:05:00], next run at: 2025-05-01 15:07:41 CEST)" (scheduled at 2025-05-01 15:02:41.713903+02:00)
2025-05-01 15:02:41,746 - INFO - Starting analysis job
2025-05-01 15:02:41,747 - INFO - Fetching 712 candles for 15min timeframe since 2025-04-24T05:02:41.000Z
2025-05-01 15:02:42,080 - INFO - Fetched 704 OHLCV records for 15min timeframe
2025-05-01 15:02:42,086 - INFO - Fetching 376 candles for 30min timeframe since 2025-04-23T19:02:42.000Z
2025-05-01 15:02:42,641 - INFO - Fetched 372 OHLCV records for 30min timeframe
2025-05-01 15:02:42,647 - INFO - Fetching 208 candles for 1h timeframe since 2025-04-22T23:02:42.000Z
2025-05-01 15:02:42,894 - INFO - Fetched 206 OHLCV records for 1h timeframe
2025-05-01 15:02:42,900 - INFO - Fetching 124 candles for 2h timeframe since 2025-04-21T07:02:42.000Z
2025-05-01 15:02:43,148 - INFO - Fetched 123 OHLCV records for 2h timeframe
2025-05-01 15:02:43,153 - INFO - Fetching 82 candles for 4h timeframe since 2025-04-17T23:02:43.000Z
2025-05-01 15:02:43,559 - INFO - Fetched 82 OHLCV records for 4h timeframe
2025-05-01 15:02:43,564 - INFO - Fetching 68 candles for 6h timeframe since 2025-04-14T15:02:43.000Z
2025-05-01 15:02:43,809 - INFO - Fetched 68 OHLCV records for 6h timeframe
2025-05-01 15:02:43,814 - INFO - Not enough data for 6h, trying higher timeframe 4h
2025-05-01 15:02:43,814 - INFO - Fetching 82 candles for 4h timeframe since 2025-04-17T23:02:43.000Z
2025-05-01 15:02:44,173 - INFO - Fetched 82 OHLCV records for 4h timeframe
2025-05-01 15:02:44,182 - WARNING - Still insufficient data for 6h after fallback
2025-05-01 15:02:44,182 - INFO - Fetching 54 candles for 12h timeframe since 2025-04-04T15:02:44.000Z
2025-05-01 15:02:44,479 - INFO - Fetched 54 OHLCV records for 12h timeframe
2025-05-01 15:02:44,484 - INFO - Not enough data for 12h, trying higher timeframe 6h
2025-05-01 15:02:44,484 - INFO - Fetching 68 candles for 6h timeframe since 2025-04-14T15:02:44.000Z
2025-05-01 15:02:44,787 - INFO - Fetched 68 OHLCV records for 6h timeframe
2025-05-01 15:02:44,792 - WARNING - Insufficient data for 12h timeframe (only 35 candles)
2025-05-01 15:02:44,792 - WARNING - Not enough data to calculate indicators
2025-05-01 15:02:44,792 - WARNING - Still insufficient data for 12h after fallback
2025-05-01 15:02:44,792 - INFO - Analysis job completed
2025-05-01 15:02:44,792 - INFO - Job "job (trigger: interval[0:05:00], next run at: 2025-05-01 15:07:41 CEST)" executed successfully
2025-05-01 15:07:41,718 - INFO - Running job "job (trigger: interval[0:05:00], next run at: 2025-05-01 15:12:41 CEST)" (scheduled at 2025-05-01 15:07:41.713903+02:00)
2025-05-01 15:07:41,719 - INFO - Starting analysis job
2025-05-01 15:07:41,719 - INFO - Fetching 712 candles for 15min timeframe since 2025-04-24T05:07:41.000Z
2025-05-01 15:07:42,168 - INFO - Fetched 704 OHLCV records for 15min timeframe
2025-05-01 15:07:42,174 - INFO - Fetching 376 candles for 30min timeframe since 2025-04-23T19:07:42.000Z
2025-05-01 15:07:42,430 - INFO - Fetched 372 OHLCV records for 30min timeframe
2025-05-01 15:07:42,435 - INFO - Fetching 208 candles for 1h timeframe since 2025-04-22T23:07:42.000Z
2025-05-01 15:07:42,774 - INFO - Fetched 206 OHLCV records for 1h timeframe
2025-05-01 15:07:42,779 - INFO - Fetching 124 candles for 2h timeframe since 2025-04-21T07:07:42.000Z
2025-05-01 15:07:43,078 - INFO - Fetched 123 OHLCV records for 2h timeframe
2025-05-01 15:07:43,083 - INFO - Fetching 82 candles for 4h timeframe since 2025-04-17T23:07:43.000Z
2025-05-01 15:07:43,385 - INFO - Fetched 82 OHLCV records for 4h timeframe
2025-05-01 15:07:43,391 - INFO - Fetching 68 candles for 6h timeframe since 2025-04-14T15:07:43.000Z
2025-05-01 15:07:43,692 - INFO - Fetched 68 OHLCV records for 6h timeframe
2025-05-01 15:07:43,696 - INFO - Not enough data for 6h, trying higher timeframe 4h
2025-05-01 15:07:43,697 - INFO - Fetching 82 candles for 4h timeframe since 2025-04-17T23:07:43.000Z
2025-05-01 15:07:44,000 - INFO - Fetched 82 OHLCV records for 4h timeframe
2025-05-01 15:07:44,009 - WARNING - Still insufficient data for 6h after fallback
2025-05-01 15:07:44,009 - INFO - Fetching 54 candles for 12h timeframe since 2025-04-04T15:07:44.000Z
2025-05-01 15:07:44,307 - INFO - Fetched 54 OHLCV records for 12h timeframe
2025-05-01 15:07:44,312 - INFO - Not enough data for 12h, trying higher timeframe 6h
2025-05-01 15:07:44,313 - INFO - Fetching 68 candles for 6h timeframe since 2025-04-14T15:07:44.000Z
2025-05-01 15:07:44,614 - INFO - Fetched 68 OHLCV records for 6h timeframe
2025-05-01 15:07:44,618 - WARNING - Insufficient data for 12h timeframe (only 35 candles)
2025-05-01 15:07:44,618 - WARNING - Not enough data to calculate indicators
2025-05-01 15:07:44,619 - WARNING - Still insufficient data for 12h after fallback
2025-05-01 15:07:44,619 - INFO - Analysis job completed
2025-05-01 15:07:44,619 - INFO - Job "job (trigger: interval[0:05:00], next run at: 2025-05-01 15:12:41 CEST)" executed successfully
2025-05-01 15:12:41,715 - INFO - Running job "job (trigger: interval[0:05:00], next run at: 2025-05-01 15:17:41 CEST)" (scheduled at 2025-05-01 15:12:41.713903+02:00)
2025-05-01 15:12:41,725 - INFO - Starting analysis job
2025-05-01 15:12:41,725 - INFO - Fetching 712 candles for 15min timeframe since 2025-04-24T05:12:41.000Z
2025-05-01 15:12:42,299 - INFO - Fetched 704 OHLCV records for 15min timeframe
2025-05-01 15:12:42,305 - INFO - Fetching 376 candles for 30min timeframe since 2025-04-23T19:12:42.000Z
2025-05-01 15:12:42,554 - INFO - Fetched 372 OHLCV records for 30min timeframe
2025-05-01 15:12:42,559 - INFO - Fetching 208 candles for 1h timeframe since 2025-04-22T23:12:42.000Z
2025-05-01 15:12:42,907 - INFO - Fetched 206 OHLCV records for 1h timeframe
2025-05-01 15:12:42,912 - INFO - Fetching 124 candles for 2h timeframe since 2025-04-21T07:12:42.000Z
2025-05-01 15:12:43,217 - INFO - Fetched 123 OHLCV records for 2h timeframe
2025-05-01 15:12:43,223 - INFO - Fetching 82 candles for 4h timeframe since 2025-04-17T23:12:43.000Z
2025-05-01 15:12:43,520 - INFO - Fetched 82 OHLCV records for 4h timeframe
2025-05-01 15:12:43,525 - INFO - Fetching 68 candles for 6h timeframe since 2025-04-14T15:12:43.000Z
2025-05-01 15:12:43,829 - INFO - Fetched 68 OHLCV records for 6h timeframe
2025-05-01 15:12:43,834 - INFO - Not enough data for 6h, trying higher timeframe 4h
2025-05-01 15:12:43,834 - INFO - Fetching 82 candles for 4h timeframe since 2025-04-17T23:12:43.000Z
2025-05-01 15:12:44,138 - INFO - Fetched 82 OHLCV records for 4h timeframe
2025-05-01 15:12:44,147 - WARNING - Still insufficient data for 6h after fallback
2025-05-01 15:12:44,147 - INFO - Fetching 54 candles for 12h timeframe since 2025-04-04T15:12:44.000Z
2025-05-01 15:12:44,440 - INFO - Fetched 54 OHLCV records for 12h timeframe
2025-05-01 15:12:44,445 - INFO - Not enough data for 12h, trying higher timeframe 6h
2025-05-01 15:12:44,445 - INFO - Fetching 68 candles for 6h timeframe since 2025-04-14T15:12:44.000Z
2025-05-01 15:12:44,751 - INFO - Fetched 68 OHLCV records for 6h timeframe
2025-05-01 15:12:44,756 - WARNING - Insufficient data for 12h timeframe (only 35 candles)
2025-05-01 15:12:44,756 - WARNING - Not enough data to calculate indicators
2025-05-01 15:12:44,756 - WARNING - Still insufficient data for 12h after fallback
2025-05-01 15:12:44,756 - INFO - Analysis job completed
2025-05-01 15:12:44,757 - INFO - Job "job (trigger: interval[0:05:00], next run at: 2025-05-01 15:17:41 CEST)" executed successfully
2025-05-01 15:17:41,718 - INFO - Running job "job (trigger: interval[0:05:00], next run at: 2025-05-01 15:22:41 CEST)" (scheduled at 2025-05-01 15:17:41.713903+02:00)
2025-05-01 15:17:41,739 - INFO - Starting analysis job
2025-05-01 15:17:41,740 - INFO - Fetching 712 candles for 15min timeframe since 2025-04-24T05:17:41.000Z
2025-05-01 15:17:42,055 - INFO - Fetched 704 OHLCV records for 15min timeframe
2025-05-01 15:17:42,061 - INFO - Fetching 376 candles for 30min timeframe since 2025-04-23T19:17:42.000Z
2025-05-01 15:17:42,433 - INFO - Fetched 372 OHLCV records for 30min timeframe
2025-05-01 15:17:42,439 - INFO - Fetching 208 candles for 1h timeframe since 2025-04-22T23:17:42.000Z
2025-05-01 15:17:42,738 - INFO - Fetched 206 OHLCV records for 1h timeframe
2025-05-01 15:17:42,744 - INFO - Fetching 124 candles for 2h timeframe since 2025-04-21T07:17:42.000Z
2025-05-01 15:17:43,044 - INFO - Fetched 123 OHLCV records for 2h timeframe
2025-05-01 15:17:43,049 - INFO - Fetching 82 candles for 4h timeframe since 2025-04-17T23:17:43.000Z
2025-05-01 15:17:43,352 - INFO - Fetched 82 OHLCV records for 4h timeframe
2025-05-01 15:17:43,358 - INFO - Fetching 68 candles for 6h timeframe since 2025-04-14T15:17:43.000Z
2025-05-01 15:17:43,658 - INFO - Fetched 68 OHLCV records for 6h timeframe
2025-05-01 15:17:43,663 - INFO - Not enough data for 6h, trying higher timeframe 4h
2025-05-01 15:17:43,663 - INFO - Fetching 82 candles for 4h timeframe since 2025-04-17T23:17:43.000Z
2025-05-01 15:17:43,965 - INFO - Fetched 82 OHLCV records for 4h timeframe
2025-05-01 15:17:43,974 - WARNING - Still insufficient data for 6h after fallback
2025-05-01 15:17:43,974 - INFO - Fetching 54 candles for 12h timeframe since 2025-04-04T15:17:43.000Z
2025-05-01 15:17:44,272 - INFO - Fetched 54 OHLCV records for 12h timeframe
2025-05-01 15:17:44,277 - INFO - Not enough data for 12h, trying higher timeframe 6h
2025-05-01 15:17:44,278 - INFO - Fetching 68 candles for 6h timeframe since 2025-04-14T15:17:44.000Z
2025-05-01 15:17:44,579 - INFO - Fetched 68 OHLCV records for 6h timeframe
2025-05-01 15:17:44,584 - WARNING - Insufficient data for 12h timeframe (only 35 candles)
2025-05-01 15:17:44,584 - WARNING - Not enough data to calculate indicators
2025-05-01 15:17:44,584 - WARNING - Still insufficient data for 12h after fallback
2025-05-01 15:17:44,584 - INFO - Analysis job completed
2025-05-01 15:17:44,584 - INFO - Job "job (trigger: interval[0:05:00], next run at: 2025-05-01 15:22:41 CEST)" executed successfully
2025-05-01 15:22:41,717 - INFO - Running job "job (trigger: interval[0:05:00], next run at: 2025-05-01 15:27:41 CEST)" (scheduled at 2025-05-01 15:22:41.713903+02:00)
2025-05-01 15:22:41,775 - INFO - Starting analysis job
2025-05-01 15:22:41,775 - INFO - Fetching 712 candles for 15min timeframe since 2025-04-24T05:22:41.000Z
2025-05-01 15:22:42,271 - INFO - Fetched 704 OHLCV records for 15min timeframe
2025-05-01 15:22:42,277 - INFO - Fetching 376 candles for 30min timeframe since 2025-04-23T19:22:42.000Z
2025-05-01 15:22:42,527 - INFO - Fetched 372 OHLCV records for 30min timeframe
2025-05-01 15:22:42,532 - INFO - Fetching 208 candles for 1h timeframe since 2025-04-22T23:22:42.000Z
2025-05-01 15:22:42,780 - INFO - Fetched 206 OHLCV records for 1h timeframe
2025-05-01 15:22:42,785 - INFO - Fetching 124 candles for 2h timeframe since 2025-04-21T07:22:42.000Z
2025-05-01 15:22:43,034 - INFO - Fetched 123 OHLCV records for 2h timeframe
2025-05-01 15:22:43,039 - INFO - Fetching 82 candles for 4h timeframe since 2025-04-17T23:22:43.000Z
2025-05-01 15:22:43,286 - INFO - Fetched 82 OHLCV records for 4h timeframe
2025-05-01 15:22:43,291 - INFO - Fetching 68 candles for 6h timeframe since 2025-04-14T15:22:43.000Z
2025-05-01 15:22:43,567 - INFO - Fetched 68 OHLCV records for 6h timeframe
2025-05-01 15:22:43,572 - INFO - Not enough data for 6h, trying higher timeframe 4h
2025-05-01 15:22:43,572 - INFO - Fetching 82 candles for 4h timeframe since 2025-04-17T23:22:43.000Z
2025-05-01 15:22:43,814 - INFO - Fetched 82 OHLCV records for 4h timeframe
2025-05-01 15:22:43,822 - WARNING - Still insufficient data for 6h after fallback
2025-05-01 15:22:43,822 - INFO - Fetching 54 candles for 12h timeframe since 2025-04-04T15:22:43.000Z
2025-05-01 15:22:44,103 - INFO - Fetched 54 OHLCV records for 12h timeframe
2025-05-01 15:22:44,108 - INFO - Not enough data for 12h, trying higher timeframe 6h
2025-05-01 15:22:44,109 - INFO - Fetching 68 candles for 6h timeframe since 2025-04-14T15:22:44.000Z
2025-05-01 15:22:44,412 - INFO - Fetched 68 OHLCV records for 6h timeframe
2025-05-01 15:22:44,416 - WARNING - Insufficient data for 12h timeframe (only 35 candles)
2025-05-01 15:22:44,416 - WARNING - Not enough data to calculate indicators
2025-05-01 15:22:44,416 - WARNING - Still insufficient data for 12h after fallback
2025-05-01 15:22:44,416 - INFO - Analysis job completed
2025-05-01 15:22:44,416 - INFO - Job "job (trigger: interval[0:05:00], next run at: 2025-05-01 15:27:41 CEST)" executed successfully
2025-05-01 15:27:41,720 - INFO - Running job "job (trigger: interval[0:05:00], next run at: 2025-05-01 15:32:41 CEST)" (scheduled at 2025-05-01 15:27:41.713903+02:00)
2025-05-01 15:27:41,763 - INFO - Starting analysis job
2025-05-01 15:27:41,763 - INFO - Fetching 712 candles for 15min timeframe since 2025-04-24T05:27:41.000Z
2025-05-01 15:27:42,094 - INFO - Fetched 704 OHLCV records for 15min timeframe
2025-05-01 15:27:42,099 - INFO - Fetching 376 candles for 30min timeframe since 2025-04-23T19:27:42.000Z
2025-05-01 15:27:42,397 - INFO - Fetched 372 OHLCV records for 30min timeframe
2025-05-01 15:27:42,402 - INFO - Fetching 208 candles for 1h timeframe since 2025-04-22T23:27:42.000Z
2025-05-01 15:27:42,700 - INFO - Fetched 206 OHLCV records for 1h timeframe
2025-05-01 15:27:42,706 - INFO - Fetching 124 candles for 2h timeframe since 2025-04-21T07:27:42.000Z
2025-05-01 15:27:43,007 - INFO - Fetched 123 OHLCV records for 2h timeframe
2025-05-01 15:27:43,012 - INFO - Fetching 82 candles for 4h timeframe since 2025-04-17T23:27:43.000Z
2025-05-01 15:27:43,313 - INFO - Fetched 82 OHLCV records for 4h timeframe
2025-05-01 15:27:43,318 - INFO - Fetching 68 candles for 6h timeframe since 2025-04-14T15:27:43.000Z
2025-05-01 15:27:43,620 - INFO - Fetched 68 OHLCV records for 6h timeframe
2025-05-01 15:27:43,625 - INFO - Not enough data for 6h, trying higher timeframe 4h
2025-05-01 15:27:43,625 - INFO - Fetching 82 candles for 4h timeframe since 2025-04-17T23:27:43.000Z
2025-05-01 15:27:43,927 - INFO - Fetched 82 OHLCV records for 4h timeframe
2025-05-01 15:27:43,935 - WARNING - Still insufficient data for 6h after fallback
2025-05-01 15:27:43,936 - INFO - Fetching 54 candles for 12h timeframe since 2025-04-04T15:27:43.000Z
2025-05-01 15:27:44,234 - INFO - Fetched 54 OHLCV records for 12h timeframe
2025-05-01 15:27:44,239 - INFO - Not enough data for 12h, trying higher timeframe 6h
2025-05-01 15:27:44,240 - INFO - Fetching 68 candles for 6h timeframe since 2025-04-14T15:27:44.000Z
2025-05-01 15:27:44,481 - INFO - Fetched 68 OHLCV records for 6h timeframe
2025-05-01 15:27:44,485 - WARNING - Insufficient data for 12h timeframe (only 35 candles)
2025-05-01 15:27:44,485 - WARNING - Not enough data to calculate indicators
2025-05-01 15:27:44,485 - WARNING - Still insufficient data for 12h after fallback
2025-05-01 15:27:44,485 - INFO - Analysis job completed
2025-05-01 15:27:44,485 - INFO - Job "job (trigger: interval[0:05:00], next run at: 2025-05-01 15:32:41 CEST)" executed successfully
2025-05-01 15:32:41,716 - INFO - Running job "job (trigger: interval[0:05:00], next run at: 2025-05-01 15:37:41 CEST)" (scheduled at 2025-05-01 15:32:41.713903+02:00)
2025-05-01 15:32:41,744 - INFO - Starting analysis job
2025-05-01 15:32:41,771 - INFO - Fetching 712 candles for 15min timeframe since 2025-04-24T05:32:41.000Z
2025-05-01 15:32:42,223 - INFO - Fetched 704 OHLCV records for 15min timeframe
2025-05-01 15:32:42,229 - INFO - Fetching 376 candles for 30min timeframe since 2025-04-23T19:32:42.000Z
2025-05-01 15:32:42,480 - INFO - Fetched 372 OHLCV records for 30min timeframe
2025-05-01 15:32:42,485 - INFO - Fetching 208 candles for 1h timeframe since 2025-04-22T23:32:42.000Z
2025-05-01 15:32:42,841 - INFO - Fetched 206 OHLCV records for 1h timeframe
2025-05-01 15:32:42,846 - INFO - Fetching 124 candles for 2h timeframe since 2025-04-21T07:32:42.000Z
2025-05-01 15:32:43,144 - INFO - Fetched 123 OHLCV records for 2h timeframe
2025-05-01 15:32:43,200 - INFO - Fetching 82 candles for 4h timeframe since 2025-04-17T23:32:43.000Z
2025-05-01 15:32:43,758 - INFO - Fetched 82 OHLCV records for 4h timeframe
2025-05-01 15:32:43,763 - INFO - Fetching 68 candles for 6h timeframe since 2025-04-14T15:32:43.000Z
2025-05-01 15:32:44,064 - INFO - Fetched 68 OHLCV records for 6h timeframe
2025-05-01 15:32:44,069 - INFO - Not enough data for 6h, trying higher timeframe 4h
2025-05-01 15:32:44,070 - INFO - Fetching 82 candles for 4h timeframe since 2025-04-17T23:32:44.000Z
2025-05-01 15:32:44,372 - INFO - Fetched 82 OHLCV records for 4h timeframe
2025-05-01 15:32:44,381 - WARNING - Still insufficient data for 6h after fallback
2025-05-01 15:32:44,384 - INFO - Fetching 54 candles for 12h timeframe since 2025-04-04T15:32:44.000Z
2025-05-01 15:32:44,679 - INFO - Fetched 54 OHLCV records for 12h timeframe
2025-05-01 15:32:44,684 - INFO - Not enough data for 12h, trying higher timeframe 6h
2025-05-01 15:32:44,684 - INFO - Fetching 68 candles for 6h timeframe since 2025-04-14T15:32:44.000Z
2025-05-01 15:32:44,990 - INFO - Fetched 68 OHLCV records for 6h timeframe
2025-05-01 15:32:44,994 - WARNING - Insufficient data for 12h timeframe (only 35 candles)
2025-05-01 15:32:44,994 - WARNING - Not enough data to calculate indicators
2025-05-01 15:32:44,994 - WARNING - Still insufficient data for 12h after fallback
2025-05-01 15:32:44,994 - INFO - Analysis job completed
2025-05-01 15:32:44,995 - INFO - Job "job (trigger: interval[0:05:00], next run at: 2025-05-01 15:37:41 CEST)" executed successfully
2025-05-01 20:20:51,944 - WARNING - Run time of job "job (trigger: interval[0:05:00], next run at: 2025-05-01 20:22:41 CEST)" was missed by 0:03:10.230977
2025-05-01 22:22:36,573 - WARNING - Run time of job "job (trigger: interval[0:05:00], next run at: 2025-05-01 22:22:41 CEST)" was missed by 0:04:54.859704
2025-05-01 22:22:41,723 - INFO - Running job "job (trigger: interval[0:05:00], next run at: 2025-05-01 22:27:41 CEST)" (scheduled at 2025-05-01 22:22:41.713903+02:00)
2025-05-01 22:22:41,723 - INFO - Starting analysis job
2025-05-01 22:22:41,723 - INFO - Fetching 712 candles for 15min timeframe since 2025-04-24T12:22:41.000Z
2025-05-01 22:22:51,875 - ERROR - Failed to fetch OHLCV data for 15min: binance GET https://api.binance.com/api/v3/klines?interval=15m&limit=712&symbol=SOLUSDT&startTime=1745497361000
2025-05-01 22:22:51,921 - ERROR - Error analyzing 15min timeframe: binance GET https://api.binance.com/api/v3/klines?interval=15m&limit=712&symbol=SOLUSDT&startTime=1745497361000
2025-05-01 22:22:51,921 - INFO - Fetching 376 candles for 30min timeframe since 2025-04-24T02:22:51.000Z
2025-05-01 22:22:52,402 - INFO - Fetched 372 OHLCV records for 30min timeframe
2025-05-01 22:22:52,409 - INFO - Fetching 208 candles for 1h timeframe since 2025-04-23T06:22:52.000Z
2025-05-01 22:22:52,655 - INFO - Fetched 206 OHLCV records for 1h timeframe
2025-05-01 22:22:52,749 - INFO - Fetching 124 candles for 2h timeframe since 2025-04-21T14:22:52.000Z
2025-05-01 22:22:53,289 - INFO - Fetched 123 OHLCV records for 2h timeframe
2025-05-01 22:22:53,294 - INFO - Fetching 82 candles for 4h timeframe since 2025-04-18T06:22:53.000Z
2025-05-01 22:22:53,628 - INFO - Fetched 82 OHLCV records for 4h timeframe
2025-05-01 22:22:54,171 - INFO - Fetching 68 candles for 6h timeframe since 2025-04-14T22:22:54.000Z
2025-05-01 22:22:54,548 - INFO - Fetched 68 OHLCV records for 6h timeframe
2025-05-01 22:22:54,554 - INFO - Not enough data for 6h, trying higher timeframe 4h
2025-05-01 22:22:54,554 - INFO - Fetching 82 candles for 4h timeframe since 2025-04-18T06:22:54.000Z
2025-05-01 22:22:54,855 - INFO - Fetched 82 OHLCV records for 4h timeframe
2025-05-01 22:22:54,897 - WARNING - Still insufficient data for 6h after fallback
2025-05-01 22:22:54,898 - INFO - Fetching 54 candles for 12h timeframe since 2025-04-04T22:22:54.000Z
2025-05-01 22:22:55,162 - INFO - Fetched 54 OHLCV records for 12h timeframe
2025-05-01 22:22:55,167 - INFO - Not enough data for 12h, trying higher timeframe 6h
2025-05-01 22:22:55,167 - INFO - Fetching 68 candles for 6h timeframe since 2025-04-14T22:22:55.000Z
2025-05-01 22:22:55,470 - INFO - Fetched 68 OHLCV records for 6h timeframe
2025-05-01 22:22:55,474 - WARNING - Insufficient data for 12h timeframe (only 34 candles)
2025-05-01 22:22:55,474 - WARNING - Not enough data to calculate indicators
2025-05-01 22:22:55,474 - WARNING - Still insufficient data for 12h after fallback
2025-05-01 22:22:55,474 - INFO - Analysis job completed
2025-05-01 22:22:55,474 - INFO - Job "job (trigger: interval[0:05:00], next run at: 2025-05-01 22:27:41 CEST)" executed successfully
2025-05-01 22:27:41,718 - INFO - Running job "job (trigger: interval[0:05:00], next run at: 2025-05-01 22:32:41 CEST)" (scheduled at 2025-05-01 22:27:41.713903+02:00)
2025-05-01 22:27:41,773 - INFO - Starting analysis job
2025-05-01 22:27:41,773 - INFO - Fetching 712 candles for 15min timeframe since 2025-04-24T12:27:41.000Z
2025-05-01 22:27:42,100 - INFO - Fetched 704 OHLCV records for 15min timeframe
2025-05-01 22:27:42,105 - INFO - Fetching 376 candles for 30min timeframe since 2025-04-24T02:27:42.000Z
2025-05-01 22:27:42,356 - INFO - Fetched 372 OHLCV records for 30min timeframe
2025-05-01 22:27:42,361 - INFO - Fetching 208 candles for 1h timeframe since 2025-04-23T06:27:42.000Z
2025-05-01 22:27:42,708 - INFO - Fetched 206 OHLCV records for 1h timeframe
2025-05-01 22:27:42,714 - INFO - Fetching 124 candles for 2h timeframe since 2025-04-21T14:27:42.000Z
2025-05-01 22:27:43,014 - INFO - Fetched 123 OHLCV records for 2h timeframe
2025-05-01 22:27:43,019 - INFO - Fetching 82 candles for 4h timeframe since 2025-04-18T06:27:43.000Z
2025-05-01 22:27:43,321 - INFO - Fetched 82 OHLCV records for 4h timeframe
2025-05-01 22:27:43,326 - INFO - Fetching 68 candles for 6h timeframe since 2025-04-14T22:27:43.000Z
2025-05-01 22:27:43,628 - INFO - Fetched 68 OHLCV records for 6h timeframe
2025-05-01 22:27:43,632 - INFO - Not enough data for 6h, trying higher timeframe 4h
2025-05-01 22:27:43,633 - INFO - Fetching 82 candles for 4h timeframe since 2025-04-18T06:27:43.000Z
2025-05-01 22:27:43,871 - INFO - Fetched 82 OHLCV records for 4h timeframe
2025-05-01 22:27:43,879 - WARNING - Still insufficient data for 6h after fallback
2025-05-01 22:27:43,880 - INFO - Fetching 54 candles for 12h timeframe since 2025-04-04T22:27:43.000Z
2025-05-01 22:27:44,242 - INFO - Fetched 54 OHLCV records for 12h timeframe
2025-05-01 22:27:44,247 - INFO - Not enough data for 12h, trying higher timeframe 6h
2025-05-01 22:27:44,247 - INFO - Fetching 68 candles for 6h timeframe since 2025-04-14T22:27:44.000Z
2025-05-01 22:27:44,550 - INFO - Fetched 68 OHLCV records for 6h timeframe
2025-05-01 22:27:44,555 - WARNING - Insufficient data for 12h timeframe (only 34 candles)
2025-05-01 22:27:44,556 - WARNING - Not enough data to calculate indicators
2025-05-01 22:27:44,556 - WARNING - Still insufficient data for 12h after fallback
2025-05-01 22:27:44,556 - INFO - Analysis job completed
2025-05-01 22:27:44,556 - INFO - Job "job (trigger: interval[0:05:00], next run at: 2025-05-01 22:32:41 CEST)" executed successfully
2025-05-01 22:32:41,715 - INFO - Running job "job (trigger: interval[0:05:00], next run at: 2025-05-01 22:37:41 CEST)" (scheduled at 2025-05-01 22:32:41.713903+02:00)
2025-05-01 22:32:41,739 - INFO - Starting analysis job
2025-05-01 22:32:41,739 - INFO - Fetching 712 candles for 15min timeframe since 2025-04-24T12:32:41.000Z
2025-05-01 22:32:42,239 - INFO - Fetched 704 OHLCV records for 15min timeframe
2025-05-01 22:32:42,245 - INFO - Fetching 376 candles for 30min timeframe since 2025-04-24T02:32:42.000Z
2025-05-01 22:32:42,505 - INFO - Fetched 372 OHLCV records for 30min timeframe
2025-05-01 22:32:42,510 - INFO - Fetching 208 candles for 1h timeframe since 2025-04-23T06:32:42.000Z
2025-05-01 22:32:42,847 - INFO - Fetched 206 OHLCV records for 1h timeframe
2025-05-01 22:32:42,852 - INFO - Fetching 124 candles for 2h timeframe since 2025-04-21T14:32:42.000Z
2025-05-01 22:32:43,153 - INFO - Fetched 123 OHLCV records for 2h timeframe
2025-05-01 22:32:43,159 - INFO - Fetching 82 candles for 4h timeframe since 2025-04-18T06:32:43.000Z
2025-05-01 22:32:43,460 - INFO - Fetched 82 OHLCV records for 4h timeframe
2025-05-01 22:32:43,465 - INFO - Fetching 68 candles for 6h timeframe since 2025-04-14T22:32:43.000Z
2025-05-01 22:32:43,767 - INFO - Fetched 68 OHLCV records for 6h timeframe
2025-05-01 22:32:43,772 - INFO - Not enough data for 6h, trying higher timeframe 4h
2025-05-01 22:32:43,772 - INFO - Fetching 82 candles for 4h timeframe since 2025-04-18T06:32:43.000Z
2025-05-01 22:32:44,012 - INFO - Fetched 82 OHLCV records for 4h timeframe
2025-05-01 22:32:44,042 - WARNING - Still insufficient data for 6h after fallback
2025-05-01 22:32:44,042 - INFO - Fetching 54 candles for 12h timeframe since 2025-04-04T22:32:44.000Z
2025-05-01 22:32:44,280 - INFO - Fetched 54 OHLCV records for 12h timeframe
2025-05-01 22:32:44,285 - INFO - Not enough data for 12h, trying higher timeframe 6h
2025-05-01 22:32:44,285 - INFO - Fetching 68 candles for 6h timeframe since 2025-04-14T22:32:44.000Z
2025-05-01 22:32:44,689 - INFO - Fetched 68 OHLCV records for 6h timeframe
2025-05-01 22:32:44,693 - WARNING - Insufficient data for 12h timeframe (only 34 candles)
2025-05-01 22:32:44,693 - WARNING - Not enough data to calculate indicators
2025-05-01 22:32:44,694 - WARNING - Still insufficient data for 12h after fallback
2025-05-01 22:32:44,694 - INFO - Analysis job completed
2025-05-01 22:32:44,694 - INFO - Job "job (trigger: interval[0:05:00], next run at: 2025-05-01 22:37:41 CEST)" executed successfully
2025-05-01 22:37:41,720 - INFO - Running job "job (trigger: interval[0:05:00], next run at: 2025-05-01 22:42:41 CEST)" (scheduled at 2025-05-01 22:37:41.713903+02:00)
2025-05-01 22:37:41,758 - INFO - Starting analysis job
2025-05-01 22:37:41,759 - INFO - Fetching 712 candles for 15min timeframe since 2025-04-24T12:37:41.000Z
2025-05-01 22:37:42,114 - INFO - Fetched 704 OHLCV records for 15min timeframe
2025-05-01 22:37:42,119 - INFO - Fetching 376 candles for 30min timeframe since 2025-04-24T02:37:42.000Z
2025-05-01 22:37:42,382 - INFO - Fetched 372 OHLCV records for 30min timeframe
2025-05-01 22:37:42,387 - INFO - Fetching 208 candles for 1h timeframe since 2025-04-23T06:37:42.000Z
2025-05-01 22:37:42,638 - INFO - Fetched 206 OHLCV records for 1h timeframe
2025-05-01 22:37:42,643 - INFO - Fetching 124 candles for 2h timeframe since 2025-04-21T14:37:42.000Z
2025-05-01 22:37:42,988 - INFO - Fetched 123 OHLCV records for 2h timeframe
2025-05-01 22:37:42,993 - INFO - Fetching 82 candles for 4h timeframe since 2025-04-18T06:37:42.000Z
2025-05-01 22:37:43,292 - INFO - Fetched 82 OHLCV records for 4h timeframe
2025-05-01 22:37:43,298 - INFO - Fetching 68 candles for 6h timeframe since 2025-04-14T22:37:43.000Z
2025-05-01 22:37:43,592 - INFO - Fetched 68 OHLCV records for 6h timeframe
2025-05-01 22:37:43,597 - INFO - Not enough data for 6h, trying higher timeframe 4h
2025-05-01 22:37:43,597 - INFO - Fetching 82 candles for 4h timeframe since 2025-04-18T06:37:43.000Z
2025-05-01 22:37:43,844 - INFO - Fetched 82 OHLCV records for 4h timeframe
2025-05-01 22:37:43,852 - WARNING - Still insufficient data for 6h after fallback
2025-05-01 22:37:43,852 - INFO - Fetching 54 candles for 12h timeframe since 2025-04-04T22:37:43.000Z
2025-05-01 22:37:44,213 - INFO - Fetched 54 OHLCV records for 12h timeframe
2025-05-01 22:37:44,218 - INFO - Not enough data for 12h, trying higher timeframe 6h
2025-05-01 22:37:44,218 - INFO - Fetching 68 candles for 6h timeframe since 2025-04-14T22:37:44.000Z
2025-05-01 22:37:44,523 - INFO - Fetched 68 OHLCV records for 6h timeframe
2025-05-01 22:37:44,527 - WARNING - Insufficient data for 12h timeframe (only 34 candles)
2025-05-01 22:37:44,527 - WARNING - Not enough data to calculate indicators
2025-05-01 22:37:44,527 - WARNING - Still insufficient data for 12h after fallback
2025-05-01 22:37:44,527 - INFO - Analysis job completed
2025-05-01 22:37:44,527 - INFO - Job "job (trigger: interval[0:05:00], next run at: 2025-05-01 22:42:41 CEST)" executed successfully
2025-05-01 22:42:41,715 - INFO - Running job "job (trigger: interval[0:05:00], next run at: 2025-05-01 22:47:41 CEST)" (scheduled at 2025-05-01 22:42:41.713903+02:00)
2025-05-01 22:42:41,755 - INFO - Starting analysis job
2025-05-01 22:42:41,756 - INFO - Fetching 712 candles for 15min timeframe since 2025-04-24T12:42:41.000Z
2025-05-01 22:42:42,524 - INFO - Fetched 704 OHLCV records for 15min timeframe
2025-05-01 22:42:42,529 - INFO - Fetching 376 candles for 30min timeframe since 2025-04-24T02:42:42.000Z
2025-05-01 22:42:42,806 - INFO - Fetched 372 OHLCV records for 30min timeframe
2025-05-01 22:42:42,813 - INFO - Fetching 208 candles for 1h timeframe since 2025-04-23T06:42:42.000Z
2025-05-01 22:42:43,128 - INFO - Fetched 206 OHLCV records for 1h timeframe
2025-05-01 22:42:43,133 - INFO - Fetching 124 candles for 2h timeframe since 2025-04-21T14:42:43.000Z
2025-05-01 22:42:43,436 - INFO - Fetched 123 OHLCV records for 2h timeframe
2025-05-01 22:42:43,441 - INFO - Fetching 82 candles for 4h timeframe since 2025-04-18T06:42:43.000Z
2025-05-01 22:42:43,740 - INFO - Fetched 82 OHLCV records for 4h timeframe
2025-05-01 22:42:43,745 - INFO - Fetching 68 candles for 6h timeframe since 2025-04-14T22:42:43.000Z
2025-05-01 22:42:43,993 - INFO - Fetched 68 OHLCV records for 6h timeframe
2025-05-01 22:42:43,998 - INFO - Not enough data for 6h, trying higher timeframe 4h
2025-05-01 22:42:43,998 - INFO - Fetching 82 candles for 4h timeframe since 2025-04-18T06:42:43.000Z
2025-05-01 22:42:44,354 - INFO - Fetched 82 OHLCV records for 4h timeframe
2025-05-01 22:42:44,362 - WARNING - Still insufficient data for 6h after fallback
2025-05-01 22:42:44,363 - INFO - Fetching 54 candles for 12h timeframe since 2025-04-04T22:42:44.000Z
2025-05-01 22:42:44,661 - INFO - Fetched 54 OHLCV records for 12h timeframe
2025-05-01 22:42:44,665 - INFO - Not enough data for 12h, trying higher timeframe 6h
2025-05-01 22:42:44,666 - INFO - Fetching 68 candles for 6h timeframe since 2025-04-14T22:42:44.000Z
2025-05-01 22:42:44,968 - INFO - Fetched 68 OHLCV records for 6h timeframe
2025-05-01 22:42:44,972 - WARNING - Insufficient data for 12h timeframe (only 34 candles)
2025-05-01 22:42:44,972 - WARNING - Not enough data to calculate indicators
2025-05-01 22:42:44,972 - WARNING - Still insufficient data for 12h after fallback
2025-05-01 22:42:44,972 - INFO - Analysis job completed
2025-05-01 22:42:44,972 - INFO - Job "job (trigger: interval[0:05:00], next run at: 2025-05-01 22:47:41 CEST)" executed successfully
2025-05-01 22:47:41,717 - INFO - Running job "job (trigger: interval[0:05:00], next run at: 2025-05-01 22:52:41 CEST)" (scheduled at 2025-05-01 22:47:41.713903+02:00)
2025-05-01 22:47:46,311 - INFO - Starting analysis job
2025-05-01 22:47:47,639 - INFO - Fetching 712 candles for 15min timeframe since 2025-04-24T12:47:47.000Z
2025-05-01 22:47:49,401 - INFO - Fetched 704 OHLCV records for 15min timeframe
2025-05-01 22:47:49,485 - INFO - Fetching 376 candles for 30min timeframe since 2025-04-24T02:47:49.000Z
2025-05-01 22:47:49,763 - INFO - Fetched 372 OHLCV records for 30min timeframe
2025-05-01 22:47:49,768 - INFO - Fetching 208 candles for 1h timeframe since 2025-04-23T06:47:49.000Z
2025-05-01 22:47:50,333 - INFO - Fetched 206 OHLCV records for 1h timeframe
2025-05-01 22:47:50,338 - INFO - Fetching 124 candles for 2h timeframe since 2025-04-21T14:47:50.000Z
2025-05-01 22:47:50,639 - INFO - Fetched 123 OHLCV records for 2h timeframe
2025-05-01 22:47:50,644 - INFO - Fetching 82 candles for 4h timeframe since 2025-04-18T06:47:50.000Z
2025-05-01 22:47:50,946 - INFO - Fetched 82 OHLCV records for 4h timeframe
2025-05-01 22:47:51,064 - INFO - Fetching 68 candles for 6h timeframe since 2025-04-14T22:47:51.000Z
2025-05-01 22:47:51,561 - INFO - Fetched 68 OHLCV records for 6h timeframe
2025-05-01 22:47:51,566 - INFO - Not enough data for 6h, trying higher timeframe 4h
2025-05-01 22:47:51,566 - INFO - Fetching 82 candles for 4h timeframe since 2025-04-18T06:47:51.000Z
2025-05-01 22:47:51,867 - INFO - Fetched 82 OHLCV records for 4h timeframe
2025-05-01 22:47:51,876 - WARNING - Still insufficient data for 6h after fallback
2025-05-01 22:47:51,876 - INFO - Fetching 54 candles for 12h timeframe since 2025-04-04T22:47:51.000Z
2025-05-01 22:47:52,172 - INFO - Fetched 54 OHLCV records for 12h timeframe
2025-05-01 22:47:52,178 - INFO - Not enough data for 12h, trying higher timeframe 6h
2025-05-01 22:47:52,178 - INFO - Fetching 68 candles for 6h timeframe since 2025-04-14T22:47:52.000Z
2025-05-01 22:47:52,482 - INFO - Fetched 68 OHLCV records for 6h timeframe
2025-05-01 22:47:52,486 - WARNING - Insufficient data for 12h timeframe (only 34 candles)
2025-05-01 22:47:52,486 - WARNING - Not enough data to calculate indicators
2025-05-01 22:47:52,486 - WARNING - Still insufficient data for 12h after fallback
2025-05-01 22:47:52,486 - INFO - Analysis job completed
2025-05-01 22:47:52,486 - INFO - Job "job (trigger: interval[0:05:00], next run at: 2025-05-01 22:52:41 CEST)" executed successfully
