2025-04-27 00:01:07,520 - INFO - Running job "job (trigger: interval[0:05:00], next run at: 2025-04-27 00:06:07 CEST)" (scheduled at 2025-04-27 00:01:07.520061+02:00)
2025-04-27 00:01:07,646 - INFO - Starting analysis job
2025-04-27 00:01:07,648 - INFO - Fetching 712 candles for 15min timeframe since 2025-04-19T14:01:07.000Z
2025-04-27 00:01:08,122 - INFO - Fetched 704 OHLCV records for 15min timeframe
2025-04-27 00:01:08,131 - INFO - Fetching 376 candles for 30min timeframe since 2025-04-19T04:01:08.000Z
2025-04-27 00:01:08,394 - INFO - Fetched 372 OHLCV records for 30min timeframe
2025-04-27 00:01:08,402 - INFO - Fetching 208 candles for 1h timeframe since 2025-04-18T08:01:08.000Z
2025-04-27 00:01:08,753 - INFO - Fetched 206 OHLCV records for 1h timeframe
2025-04-27 00:01:08,762 - INFO - Fetching 124 candles for 2h timeframe since 2025-04-16T16:01:08.000Z
2025-04-27 00:01:09,162 - INFO - Fetched 123 OHLCV records for 2h timeframe
2025-04-27 00:01:09,169 - INFO - Fetching 82 candles for 4h timeframe since 2025-04-13T08:01:09.000Z
2025-04-27 00:01:09,428 - INFO - Fetched 81 OHLCV records for 4h timeframe
2025-04-27 00:01:09,435 - INFO - Fetching 68 candles for 6h timeframe since 2025-04-10T00:01:09.000Z
2025-04-27 00:01:09,751 - INFO - Fetched 67 OHLCV records for 6h timeframe
2025-04-27 00:01:09,760 - INFO - Not enough data for 6h, trying higher timeframe 4h
2025-04-27 00:01:09,760 - INFO - Fetching 82 candles for 4h timeframe since 2025-04-13T08:01:09.000Z
2025-04-27 00:01:10,065 - INFO - Fetched 81 OHLCV records for 4h timeframe
2025-04-27 00:01:10,077 - WARNING - Still insufficient data for 6h after fallback
2025-04-27 00:01:10,077 - INFO - Fetching 54 candles for 12h timeframe since 2025-03-31T00:01:10.000Z
2025-04-27 00:01:10,404 - INFO - Fetched 53 OHLCV records for 12h timeframe
2025-04-27 00:01:10,414 - INFO - Not enough data for 12h, trying higher timeframe 6h
2025-04-27 00:01:10,414 - INFO - Fetching 68 candles for 6h timeframe since 2025-04-10T00:01:10.000Z
2025-04-27 00:01:10,785 - INFO - Fetched 67 OHLCV records for 6h timeframe
2025-04-27 00:01:10,792 - WARNING - Insufficient data for 12h timeframe (only 34 candles)
2025-04-27 00:01:10,792 - WARNING - Not enough data to calculate indicators
2025-04-27 00:01:10,792 - WARNING - Still insufficient data for 12h after fallback
2025-04-27 00:01:10,792 - INFO - Analysis job completed
2025-04-27 00:01:10,793 - INFO - Job "job (trigger: interval[0:05:00], next run at: 2025-04-27 00:06:07 CEST)" executed successfully
2025-04-27 00:06:07,521 - INFO - Running job "job (trigger: interval[0:05:00], next run at: 2025-04-27 00:11:07 CEST)" (scheduled at 2025-04-27 00:06:07.520061+02:00)
2025-04-27 00:06:07,582 - INFO - Starting analysis job
2025-04-27 00:06:07,615 - INFO - Fetching 712 candles for 15min timeframe since 2025-04-19T14:06:07.000Z
2025-04-27 00:06:08,005 - INFO - Fetched 704 OHLCV records for 15min timeframe
2025-04-27 00:06:08,016 - INFO - Fetching 376 candles for 30min timeframe since 2025-04-19T04:06:08.000Z
2025-04-27 00:06:08,285 - INFO - Fetched 372 OHLCV records for 30min timeframe
2025-04-27 00:06:08,295 - INFO - Fetching 208 candles for 1h timeframe since 2025-04-18T08:06:08.000Z
2025-04-27 00:06:08,683 - INFO - Fetched 206 OHLCV records for 1h timeframe
2025-04-27 00:06:08,694 - INFO - Fetching 124 candles for 2h timeframe since 2025-04-16T16:06:08.000Z
2025-04-27 00:06:08,969 - INFO - Fetched 123 OHLCV records for 2h timeframe
2025-04-27 00:06:08,981 - INFO - Fetching 82 candles for 4h timeframe since 2025-04-13T08:06:08.000Z
2025-04-27 00:06:09,281 - INFO - Fetched 81 OHLCV records for 4h timeframe
2025-04-27 00:06:09,288 - INFO - Fetching 68 candles for 6h timeframe since 2025-04-10T00:06:09.000Z
2025-04-27 00:06:09,593 - INFO - Fetched 67 OHLCV records for 6h timeframe
2025-04-27 00:06:09,600 - INFO - Not enough data for 6h, trying higher timeframe 4h
2025-04-27 00:06:09,600 - INFO - Fetching 82 candles for 4h timeframe since 2025-04-13T08:06:09.000Z
2025-04-27 00:06:09,915 - INFO - Fetched 81 OHLCV records for 4h timeframe
2025-04-27 00:06:09,927 - WARNING - Still insufficient data for 6h after fallback
2025-04-27 00:06:09,930 - INFO - Fetching 54 candles for 12h timeframe since 2025-03-31T00:06:09.000Z
2025-04-27 00:06:10,302 - INFO - Fetched 53 OHLCV records for 12h timeframe
2025-04-27 00:06:10,315 - INFO - Not enough data for 12h, trying higher timeframe 6h
2025-04-27 00:06:10,316 - INFO - Fetching 68 candles for 6h timeframe since 2025-04-10T00:06:10.000Z
2025-04-27 00:06:10,606 - INFO - Fetched 67 OHLCV records for 6h timeframe
2025-04-27 00:06:10,613 - WARNING - Insufficient data for 12h timeframe (only 34 candles)
2025-04-27 00:06:10,613 - WARNING - Not enough data to calculate indicators
2025-04-27 00:06:10,614 - WARNING - Still insufficient data for 12h after fallback
2025-04-27 00:06:10,614 - INFO - Analysis job completed
2025-04-27 00:06:10,614 - INFO - Job "job (trigger: interval[0:05:00], next run at: 2025-04-27 00:11:07 CEST)" executed successfully
2025-04-27 00:06:21,099 - INFO - Telegram message sent successfully
2025-04-27 00:06:21,100 - INFO - Bot stopped by user
